<?xml version="1.0" encoding="UTF-8"?>
<!-- Generated by org.testng.reporters.JUnitReportReporter -->
<testsuite skipped="0" hostname="E0366482" name="Pack.TCs" tests="2" failures="0" timestamp="12 May 2018 06:35:46 GMT" time="0.032" errors="0">
  <testcase name="tc_001" time="0.016" classname="Pack.TCs"/>
  <testcase name="tc_002" time="0.016" classname="Pack.TCs"/>
</testsuite> <!-- Pack.TCs -->
